<?xml version="1.0" encoding="UTF-8"?>
<testng-results ignored="0" total="2" passed="2" failed="0" skipped="0">
  <reporter-output>
  </reporter-output>
  <suite started-at="2026-01-08T16:14:13 CST" name="Default suite" finished-at="2026-01-08T16:14:14 CST" duration-ms="667">
    <groups>
      <group name="cucumber">
        <method signature="AbstractTestNGCucumberTests.runScenario(io.cucumber.testng.PickleWrapper,io.cucumber.testng.FeatureWrapper)[pri:0, instance:TestRunner.CucumberTestRunner@2f4948e4]" name="runScenario" class="io.cucumber.testng.AbstractTestNGCucumberTests"/>
      </group> <!-- cucumber -->
    </groups>
    <test started-at="2026-01-08T16:14:13 CST" name="Default test" finished-at="2026-01-08T16:14:14 CST" duration-ms="667">
      <class name="TestRunner.CucumberTestRunner">
        <test-method is-config="true" signature="setUpClass(org.testng.ITestContext)[pri:0, instance:TestRunner.CucumberTestRunner@2f4948e4]" started-at="2026-01-08T16:14:13 CST" name="setUpClass" finished-at="2026-01-08T16:14:14 CST" duration-ms="480" status="PASS">
          <params>
            <param index="0">
              <value>
                <![CDATA[org.testng.TestRunner@660e9100]]>
              </value>
            </param>
          </params>
          <reporter-output>
          </reporter-output>
        </test-method> <!-- setUpClass -->
        <test-method signature="runScenario(io.cucumber.testng.PickleWrapper,io.cucumber.testng.FeatureWrapper)[pri:0, instance:TestRunner.CucumberTestRunner@2f4948e4]" started-at="2026-01-08T16:14:14 CST" name="runScenario" description="Runs Cucumber Scenarios" data-provider="scenarios" finished-at="2026-01-08T16:14:14 CST" duration-ms="98" status="PASS">
          <params>
            <param index="0">
              <value>
                <![CDATA["Check login is scuccessful for valid info"]]>
              </value>
            </param>
            <param index="1">
              <value>
                <![CDATA["Login page Automation of saucedemo"]]>
              </value>
            </param>
          </params>
          <reporter-output>
          </reporter-output>
        </test-method> <!-- runScenario -->
        <test-method signature="runScenario(io.cucumber.testng.PickleWrapper,io.cucumber.testng.FeatureWrapper)[pri:0, instance:TestRunner.CucumberTestRunner@2f4948e4]" started-at="2026-01-08T16:14:14 CST" name="runScenario" description="Runs Cucumber Scenarios" data-provider="scenarios" finished-at="2026-01-08T16:14:14 CST" duration-ms="14" status="PASS">
          <params>
            <param index="0">
              <value>
                <![CDATA["Check the Logout is scuccessful"]]>
              </value>
            </param>
            <param index="1">
              <value>
                <![CDATA["Login page Automation of saucedemo"]]>
              </value>
            </param>
          </params>
          <reporter-output>
          </reporter-output>
        </test-method> <!-- runScenario -->
        <test-method is-config="true" signature="tearDownClass()[pri:0, instance:TestRunner.CucumberTestRunner@2f4948e4]" started-at="2026-01-08T16:14:14 CST" name="tearDownClass" finished-at="2026-01-08T16:14:14 CST" duration-ms="31" status="PASS">
          <reporter-output>
          </reporter-output>
        </test-method> <!-- tearDownClass -->
      </class> <!-- TestRunner.CucumberTestRunner -->
    </test> <!-- Default test -->
  </suite> <!-- Default suite -->
</testng-results>
