<?xml version="1.0" encoding="UTF-8"?>
<!-- Generated by org.testng.reporters.JUnitReportReporter -->
<testsuite hostname="DESKTOP-6K5DTEM" failures="0" tests="2" name="TestRunner.CucumberTestRunner" time="0.112" errors="0" timestamp="2026-01-08T16:14:14 CST" skipped="0">
  <testcase classname="TestRunner.CucumberTestRunner" name="runScenario" time="0.098"/>
  <testcase classname="TestRunner.CucumberTestRunner" name="runScenario" time="0.014"/>
</testsuite> <!-- TestRunner.CucumberTestRunner -->
