<?xml version="1.0" encoding="UTF-8"?>
<!-- Generated by org.testng.reporters.JUnitReportReporter -->
<testsuite hostname="DESKTOP-6K5DTEM" failures="0" tests="3" name="TestRunner.CucumberTestRunner" time="6.315" errors="0" timestamp="2024-02-05T21:49:18 CST" skipped="0">
  <testcase classname="TestRunner.CucumberTestRunner" name="runScenario" time="0.338"/>
  <testcase classname="TestRunner.CucumberTestRunner" name="runScenario" time="3.584"/>
  <testcase classname="TestRunner.CucumberTestRunner" name="runScenario" time="2.393"/>
</testsuite> <!-- TestRunner.CucumberTestRunner -->
